-------------------------------------------------------------------------------
Test set: com.course.CourseManagementSystemApplicationTests
-------------------------------------------------------------------------------
Tests run: 1, Failures: 0, Errors: 1, Skipped: 0, Time elapsed: 4.954 s <<< FAILURE! - in com.course.CourseManagementSystemApplicationTests
contextLoads  Time elapsed: 0.011 s  <<< ERROR!
java.lang.IllegalStateException: Failed to load ApplicationContext
Caused by: org.springframework.beans.factory.BeanCreationException: 
Error creating bean with name 'requestMappingHandlerMapping' defined in class path resource [org/springframework/boot/autoconfigure/web/servlet/WebMvcAutoConfiguration$EnableWebMvcConfiguration.class]: Invocation of init method failed; nested exception is java.lang.IllegalStateException: Ambiguous mapping. Cannot map 'coursecontroller' method 
com.course.controller.Coursecontroller#findCourseByName(String)
to {GET [/course]}: There is already 'coursecontroller' bean method
com.course.controller.Coursecontroller#getAllCourse() mapped.
Caused by: java.lang.IllegalStateException: 
Ambiguous mapping. Cannot map 'coursecontroller' method 
com.course.controller.Coursecontroller#findCourseByName(String)
to {GET [/course]}: There is already 'coursecontroller' bean method
com.course.controller.Coursecontroller#getAllCourse() mapped.

